<?xml version="1.0" encoding="UTF-8"?>
<!-- Generated by org.testng.reporters.JUnitReportReporter -->
<testsuite skipped="0" hostname="ShawoN" name="Sep20.TestNGFB" tests="3" failures="0" timestamp="2020-09-20T15:10:28 EDT" time="0.597" errors="0">
  <testcase name="getPageTitle" time="0.033" classname="Sep20.TestNGFB"/>
  <system-out/>
  <testcase name="Login" time="0.441" classname="Sep20.TestNGFB"/>
  <system-out/>
  <testcase name="ClickonLogin" time="0.123" classname="Sep20.TestNGFB"/>
  <system-out/>
</testsuite> <!-- Sep20.TestNGFB -->
