<?xml version="1.0" encoding="UTF-8"?>
<!-- Generated by org.testng.reporters.JUnitReportReporter -->
<testsuite skipped="0" hostname="ShawoN" name="HomeWork.MortCalTestNG" tests="6" failures="0" timestamp="2020-09-24T17:56:25 EDT" time="2.743" errors="0">
  <testcase name="getTitle" time="0.016" classname="HomeWork.MortCalTestNG"/>
  <system-out/>
  <testcase name="BasicInfo" time="0.462" classname="HomeWork.MortCalTestNG"/>
  <system-out/>
  <testcase name="SelectMonth" time="0.193" classname="HomeWork.MortCalTestNG"/>
  <system-out/>
  <testcase name="LoanDetails" time="0.236" classname="HomeWork.MortCalTestNG"/>
  <system-out/>
  <testcase name="LoanType" time="0.402" classname="HomeWork.MortCalTestNG"/>
  <system-out/>
  <testcase name="ClickButton" time="1.434" classname="HomeWork.MortCalTestNG"/>
  <system-out/>
</testsuite> <!-- HomeWork.MortCalTestNG -->
