<?xml version="1.0" encoding="UTF-8"?>
<!-- Generated by org.testng.reporters.JUnitReportReporter -->
<testsuite skipped="0" hostname="ShawoN" name="Sep26.TestsoftHardAssert" tests="1" failures="0" timestamp="2020-09-26T15:18:01 EDT" time="9.554" errors="0">
  <testcase name="VerifyTitle" time="9.554" classname="Sep26.TestsoftHardAssert"/>
  <system-out/>
</testsuite> <!-- Sep26.TestsoftHardAssert -->
