<?xml version="1.0" encoding="UTF-8"?>
<!-- Generated by org.testng.reporters.JUnitReportReporter -->
<testsuite skipped="0" hostname="ShawoN" name="Sep20.TestNGSample" tests="5" failures="0" timestamp="2020-09-20T13:00:24 EDT" time="0.016" errors="0">
  <testcase name="Registration" time="0.006" classname="Sep20.TestNGSample"/>
  <system-out/>
  <testcase name="Login" time="0.002" classname="Sep20.TestNGSample"/>
  <system-out/>
  <testcase name="RegisterAddress" time="0.002" classname="Sep20.TestNGSample"/>
  <system-out/>
  <testcase name="ProfileCreation" time="0.003" classname="Sep20.TestNGSample"/>
  <system-out/>
  <testcase name="Signoff" time="0.003" classname="Sep20.TestNGSample"/>
  <system-out/>
</testsuite> <!-- Sep20.TestNGSample -->
