<?xml version="1.0" encoding="UTF-8"?>
<!-- Generated by org.testng.reporters.JUnitReportReporter -->
<testsuite skipped="0" hostname="ShawoN" name="Sep26.TnDataprovider" tests="5" failures="0" timestamp="2020-09-26T14:23:46 EDT" time="40.499" errors="0">
  <testcase name="getPageTitle" time="7.667" classname="Sep26.TnDataprovider"/>
  <system-out/>
  <testcase name="Login" time="7.899" classname="Sep26.TnDataprovider"/>
  <system-out/>
  <testcase name="Login" time="7.766" classname="Sep26.TnDataprovider"/>
  <system-out/>
  <testcase name="Login" time="9.002" classname="Sep26.TnDataprovider"/>
  <system-out/>
  <testcase name="ClickonLogin" time="8.165" classname="Sep26.TnDataprovider"/>
  <system-out/>
</testsuite> <!-- Sep26.TnDataprovider -->
